[debug] [2022-02-27T02:20:49.068Z] ----------------------------------------------------------------------
[debug] [2022-02-27T02:20:49.079Z] Command:       C:\Program Files\nodejs\node.exe C:\Users\user\AppData\Roaming\npm\node_modules\firebase-tools\lib\bin\firebase.js init database
[debug] [2022-02-27T02:20:49.082Z] CLI Version:   10.2.1
[debug] [2022-02-27T02:20:49.083Z] Platform:      win32
[debug] [2022-02-27T02:20:49.083Z] Node Version:  v16.13.2
[debug] [2022-02-27T02:20:49.089Z] Time:          Sun Feb 27 2022 05:20:49 GMT+0300 (Москва, стандартное время)
[debug] [2022-02-27T02:20:49.091Z] ----------------------------------------------------------------------
[debug] 
[debug] [2022-02-27T02:20:49.495Z] > command requires scopes: ["email","openid","https://www.googleapis.com/auth/cloudplatformprojects.readonly","https://www.googleapis.com/auth/firebase","https://www.googleapis.com/auth/cloud-platform"]
[debug] [2022-02-27T02:20:49.497Z] > authorizing via signed-in user (katenakity@gmail.com)
[info] 
     ######## #### ########  ######## ########     ###     ######  ########
     ##        ##  ##     ## ##       ##     ##  ##   ##  ##       ##
     ######    ##  ########  ######   ########  #########  ######  ######
     ##        ##  ##    ##  ##       ##     ## ##     ##       ## ##
     ##       #### ##     ## ######## ########  ##     ##  ######  ########

You're about to initialize a Firebase project in this directory:

  C:\Users\user\Desktop\kity\обучение\glo-js-react\урок 10\less10

Before we get started, keep in mind:

  * You are initializing within an existing Firebase project directory

